<?xml version="1.0" encoding="UTF-8"?>
<testng-results ignored="0" total="1" passed="1" failed="0" skipped="0">
  <reporter-output>
  </reporter-output>
  <suite started-at="2023-10-01T05:24:58 IST" name="Default suite" finished-at="2023-10-01T05:25:01 IST" duration-ms="2755">
    <groups>
    </groups>
    <test started-at="2023-10-01T05:24:58 IST" name="Default test" finished-at="2023-10-01T05:25:01 IST" duration-ms="2755">
      <class name="com.dk.api.SpecBuilderTest">
        <test-method signature="SerializationTest()[pri:1, instance:com.dk.api.SpecBuilderTest@1bd4fdd]" started-at="2023-10-01T05:24:58 IST" name="SerializationTest" finished-at="2023-10-01T05:25:01 IST" duration-ms="2724" status="PASS">
          <reporter-output>
          </reporter-output>
        </test-method> <!-- SerializationTest -->
      </class> <!-- com.dk.api.SpecBuilderTest -->
    </test> <!-- Default test -->
  </suite> <!-- Default suite -->
</testng-results>
