<?xml version="1.0" encoding="UTF-8"?>
<testng-results ignored="0" total="2" passed="2" failed="0" skipped="0">
  <reporter-output>
  </reporter-output>
  <suite started-at="2023-10-01T04:32:28 IST" name="Default suite" finished-at="2023-10-01T04:32:30 IST" duration-ms="1949">
    <groups>
    </groups>
    <test started-at="2023-10-01T04:32:28 IST" name="Default test" finished-at="2023-10-01T04:32:30 IST" duration-ms="1949">
      <class name="com.dk.api.SerializeTest">
        <test-method signature="SerializationTest()[pri:1, instance:com.dk.api.SerializeTest@55183b20]" started-at="2023-10-01T04:32:28 IST" name="SerializationTest" finished-at="2023-10-01T04:32:30 IST" duration-ms="1833" status="PASS">
          <reporter-output>
          </reporter-output>
        </test-method> <!-- SerializationTest -->
        <test-method signature="getdetails()[pri:2, instance:com.dk.api.SerializeTest@55183b20]" started-at="2023-10-01T04:32:30 IST" name="getdetails" finished-at="2023-10-01T04:32:30 IST" duration-ms="78" status="PASS">
          <reporter-output>
          </reporter-output>
        </test-method> <!-- getdetails -->
      </class> <!-- com.dk.api.SerializeTest -->
    </test> <!-- Default test -->
  </suite> <!-- Default suite -->
</testng-results>
